Analysis & Synthesis report for lab1_p1
Fri Sep 01 15:55:27 2023
Quartus Prime Version 20.1.1 Build 720 11/11/2020 SJ Lite Edition


---------------------
; Table of Contents ;
---------------------
  1. Legal Notice
  2. Analysis & Synthesis Summary
  3. Analysis & Synthesis Settings
  4. Parallel Compilation
  5. Analysis & Synthesis Source Files Read
  6. Analysis & Synthesis Resource Usage Summary
  7. Analysis & Synthesis Resource Utilization by Entity
  8. General Register Statistics
  9. Parameter Settings for User Entity Instance: 74163:inst3
 10. Parameter Settings for User Entity Instance: 74163:inst4
 11. Analysis & Synthesis Messages



----------------
; Legal Notice ;
----------------
Copyright (C) 2020  Intel Corporation. All rights reserved.
Your use of Intel Corporation's design tools, logic functions 
and other software and tools, and any partner logic 
functions, and any output files from any of the foregoing 
(including device programming or simulation files), and any 
associated documentation or information are expressly subject 
to the terms and conditions of the Intel Program License 
Subscription Agreement, the Intel Quartus Prime License Agreement,
the Intel FPGA IP License Agreement, or other applicable license
agreement, including, without limitation, that your use is for
the sole purpose of programming logic devices manufactured by
Intel and sold by Intel or its authorized distributors.  Please
refer to the applicable agreement for further details, at
https://fpgasoftware.intel.com/eula.



+---------------------------------------------------------------------------+
; Analysis & Synthesis Summary                                              ;
+-----------------------------+---------------------------------------------+
; Analysis & Synthesis Status ; Successful - Fri Sep 01 15:55:27 2023       ;
; Quartus Prime Version       ; 20.1.1 Build 720 11/11/2020 SJ Lite Edition ;
; Revision Name               ; lab1_p1                                     ;
; Top-level Entity Name       ; counter                                     ;
; Family                      ; MAX II                                      ;
; Total logic elements        ; 31                                          ;
; Total pins                  ; 21                                          ;
; Total virtual pins          ; 0                                           ;
; UFM blocks                  ; 0 / 1 ( 0 % )                               ;
+-----------------------------+---------------------------------------------+


+------------------------------------------------------------------------------------------------------------+
; Analysis & Synthesis Settings                                                                              ;
+------------------------------------------------------------------+--------------------+--------------------+
; Option                                                           ; Setting            ; Default Value      ;
+------------------------------------------------------------------+--------------------+--------------------+
; Device                                                           ; EPM240F100C4       ;                    ;
; Top-level entity name                                            ; counter            ; lab1_p1            ;
; Family name                                                      ; MAX II             ; Cyclone V          ;
; Use smart compilation                                            ; Off                ; Off                ;
; Enable parallel Assembler and Timing Analyzer during compilation ; On                 ; On                 ;
; Enable compact report table                                      ; Off                ; Off                ;
; Restructure Multiplexers                                         ; Auto               ; Auto               ;
; Create Debugging Nodes for IP Cores                              ; Off                ; Off                ;
; Preserve fewer node names                                        ; On                 ; On                 ;
; Intel FPGA IP Evaluation Mode                                    ; Enable             ; Enable             ;
; Verilog Version                                                  ; Verilog_2001       ; Verilog_2001       ;
; VHDL Version                                                     ; VHDL_1993          ; VHDL_1993          ;
; State Machine Processing                                         ; Auto               ; Auto               ;
; Safe State Machine                                               ; Off                ; Off                ;
; Extract Verilog State Machines                                   ; On                 ; On                 ;
; Extract VHDL State Machines                                      ; On                 ; On                 ;
; Ignore Verilog initial constructs                                ; Off                ; Off                ;
; Iteration limit for constant Verilog loops                       ; 5000               ; 5000               ;
; Iteration limit for non-constant Verilog loops                   ; 250                ; 250                ;
; Add Pass-Through Logic to Inferred RAMs                          ; On                 ; On                 ;
; Infer RAMs from Raw Logic                                        ; On                 ; On                 ;
; Parallel Synthesis                                               ; On                 ; On                 ;
; NOT Gate Push-Back                                               ; On                 ; On                 ;
; Power-Up Don't Care                                              ; On                 ; On                 ;
; Remove Redundant Logic Cells                                     ; Off                ; Off                ;
; Remove Duplicate Registers                                       ; On                 ; On                 ;
; Ignore CARRY Buffers                                             ; Off                ; Off                ;
; Ignore CASCADE Buffers                                           ; Off                ; Off                ;
; Ignore GLOBAL Buffers                                            ; Off                ; Off                ;
; Ignore ROW GLOBAL Buffers                                        ; Off                ; Off                ;
; Ignore LCELL Buffers                                             ; Off                ; Off                ;
; Ignore SOFT Buffers                                              ; On                 ; On                 ;
; Limit AHDL Integers to 32 Bits                                   ; Off                ; Off                ;
; Optimization Technique                                           ; Balanced           ; Balanced           ;
; Carry Chain Length                                               ; 70                 ; 70                 ;
; Auto Carry Chains                                                ; On                 ; On                 ;
; Auto Open-Drain Pins                                             ; On                 ; On                 ;
; Perform WYSIWYG Primitive Resynthesis                            ; Off                ; Off                ;
; Auto Shift Register Replacement                                  ; Auto               ; Auto               ;
; Allow Shift Register Merging across Hierarchies                  ; Auto               ; Auto               ;
; Auto Clock Enable Replacement                                    ; On                 ; On                 ;
; Allow Synchronous Control Signals                                ; On                 ; On                 ;
; Force Use of Synchronous Clear Signals                           ; Off                ; Off                ;
; Auto Resource Sharing                                            ; Off                ; Off                ;
; Use LogicLock Constraints during Resource Balancing              ; On                 ; On                 ;
; Ignore translate_off and synthesis_off directives                ; Off                ; Off                ;
; Report Parameter Settings                                        ; On                 ; On                 ;
; Report Source Assignments                                        ; On                 ; On                 ;
; Report Connectivity Checks                                       ; On                 ; On                 ;
; Ignore Maximum Fan-Out Assignments                               ; Off                ; Off                ;
; Synchronization Register Chain Length                            ; 2                  ; 2                  ;
; Power Optimization During Synthesis                              ; Normal compilation ; Normal compilation ;
; HDL message level                                                ; Level2             ; Level2             ;
; Suppress Register Optimization Related Messages                  ; Off                ; Off                ;
; Number of Removed Registers Reported in Synthesis Report         ; 5000               ; 5000               ;
; Number of Swept Nodes Reported in Synthesis Report               ; 5000               ; 5000               ;
; Number of Inverted Registers Reported in Synthesis Report        ; 100                ; 100                ;
; Clock MUX Protection                                             ; On                 ; On                 ;
; Block Design Naming                                              ; Auto               ; Auto               ;
; Synthesis Effort                                                 ; Auto               ; Auto               ;
; Shift Register Replacement - Allow Asynchronous Clear Signal     ; On                 ; On                 ;
; Analysis & Synthesis Message Level                               ; Medium             ; Medium             ;
; Disable Register Merging Across Hierarchies                      ; Auto               ; Auto               ;
+------------------------------------------------------------------+--------------------+--------------------+


+------------------------------------------+
; Parallel Compilation                     ;
+----------------------------+-------------+
; Processors                 ; Number      ;
+----------------------------+-------------+
; Number detected on machine ; 12          ;
; Maximum allowed            ; 8           ;
;                            ;             ;
; Average used               ; 1.00        ;
; Maximum used               ; 1           ;
;                            ;             ;
; Usage by Processor         ; % Time Used ;
;     Processor 1            ; 100.0%      ;
+----------------------------+-------------+


+---------------------------------------------------------------------------------------------------------------------------------------------------------------------------+
; Analysis & Synthesis Source Files Read                                                                                                                                    ;
+----------------------------------+-----------------+------------------------------------+-----------------------------------------------------------------------+---------+
; File Name with User-Entered Path ; Used in Netlist ; File Type                          ; File Name with Absolute Path                                          ; Library ;
+----------------------------------+-----------------+------------------------------------+-----------------------------------------------------------------------+---------+
; counter.bdf                      ; yes             ; User Block Diagram/Schematic File  ; C:/Users/steve/git repos/school/EEL4712/lab 1/83190817/P1/counter.bdf ;         ;
; 74163.tdf                        ; yes             ; Megafunction                       ; c:/intelfpga_lite/20.1/quartus/libraries/others/maxplus2/74163.tdf    ;         ;
; aglobal.inc                      ; yes             ; Megafunction                       ; c:/intelfpga_lite/20.1/quartus/libraries/megafunctions/aglobal.inc    ;         ;
; f74163.bdf                       ; yes             ; Megafunction                       ; c:/intelfpga_lite/20.1/quartus/libraries/others/maxplus2/f74163.bdf   ;         ;
+----------------------------------+-----------------+------------------------------------+-----------------------------------------------------------------------+---------+


+-----------------------------------------------------+
; Analysis & Synthesis Resource Usage Summary         ;
+---------------------------------------------+-------+
; Resource                                    ; Usage ;
+---------------------------------------------+-------+
; Total logic elements                        ; 31    ;
;     -- Combinational with no register       ; 23    ;
;     -- Register only                        ; 0     ;
;     -- Combinational with a register        ; 8     ;
;                                             ;       ;
; Logic element usage by number of LUT inputs ;       ;
;     -- 4 input functions                    ; 9     ;
;     -- 3 input functions                    ; 7     ;
;     -- 2 input functions                    ; 14    ;
;     -- 1 input functions                    ; 1     ;
;     -- 0 input functions                    ; 0     ;
;                                             ;       ;
; Logic elements by mode                      ;       ;
;     -- normal mode                          ; 30    ;
;     -- arithmetic mode                      ; 1     ;
;     -- qfbk mode                            ; 0     ;
;     -- register cascade mode                ; 0     ;
;     -- synchronous clear/load mode          ; 0     ;
;     -- asynchronous clear/load mode         ; 0     ;
;                                             ;       ;
; Total registers                             ; 8     ;
; Total logic cells in carry chains           ; 2     ;
; I/O pins                                    ; 21    ;
; Maximum fan-out node                        ; clr_n ;
; Maximum fan-out                             ; 9     ;
; Total fan-out                               ; 103   ;
; Average fan-out                             ; 1.98  ;
+---------------------------------------------+-------+


+------------------------------------------------------------------------------------------------------------------------------------------------------------------------------------------------------------------------------------------------+
; Analysis & Synthesis Resource Utilization by Entity                                                                                                                                                                                            ;
+----------------------------+-------------+--------------+------------+------+--------------+--------------+-------------------+------------------+-----------------+------------+---------------------------------+-------------+--------------+
; Compilation Hierarchy Node ; Logic Cells ; LC Registers ; UFM Blocks ; Pins ; Virtual Pins ; LUT-Only LCs ; Register-Only LCs ; LUT/Register LCs ; Carry Chain LCs ; Packed LCs ; Full Hierarchy Name             ; Entity Name ; Library Name ;
+----------------------------+-------------+--------------+------------+------+--------------+--------------+-------------------+------------------+-----------------+------------+---------------------------------+-------------+--------------+
; |counter                   ; 31 (0)      ; 8            ; 0          ; 21   ; 0            ; 23 (0)       ; 0 (0)             ; 8 (0)            ; 2 (0)           ; 0 (0)      ; |counter                        ; counter     ; work         ;
;    |74163:inst3|           ; 16 (0)      ; 4            ; 0          ; 0    ; 0            ; 12 (0)       ; 0 (0)             ; 4 (0)            ; 0 (0)           ; 0 (0)      ; |counter|74163:inst3            ; 74163       ; work         ;
;       |f74163:sub|         ; 16 (16)     ; 4            ; 0          ; 0    ; 0            ; 12 (12)      ; 0 (0)             ; 4 (4)            ; 0 (0)           ; 0 (0)      ; |counter|74163:inst3|f74163:sub ; f74163      ; work         ;
;    |74163:inst4|           ; 15 (0)      ; 4            ; 0          ; 0    ; 0            ; 11 (0)       ; 0 (0)             ; 4 (0)            ; 2 (0)           ; 0 (0)      ; |counter|74163:inst4            ; 74163       ; work         ;
;       |f74163:sub|         ; 15 (15)     ; 4            ; 0          ; 0    ; 0            ; 11 (11)      ; 0 (0)             ; 4 (4)            ; 2 (2)           ; 0 (0)      ; |counter|74163:inst4|f74163:sub ; f74163      ; work         ;
+----------------------------+-------------+--------------+------------+------+--------------+--------------+-------------------+------------------+-----------------+------------+---------------------------------+-------------+--------------+
Note: For table entries with two numbers listed, the numbers in parentheses indicate the number of resources of the given type used by the specific entity alone. The numbers listed outside of parentheses indicate the total resources of the given type used by the specific entity and all of its sub-entities in the hierarchy.


+------------------------------------------------------+
; General Register Statistics                          ;
+----------------------------------------------+-------+
; Statistic                                    ; Value ;
+----------------------------------------------+-------+
; Total registers                              ; 8     ;
; Number of registers using Synchronous Clear  ; 0     ;
; Number of registers using Synchronous Load   ; 0     ;
; Number of registers using Asynchronous Clear ; 0     ;
; Number of registers using Asynchronous Load  ; 0     ;
; Number of registers using Clock Enable       ; 0     ;
; Number of registers using Preset             ; 0     ;
+----------------------------------------------+-------+


+----------------------------------------------------------+
; Parameter Settings for User Entity Instance: 74163:inst3 ;
+------------------------+--------+------------------------+
; Parameter Name         ; Value  ; Type                   ;
+------------------------+--------+------------------------+
; DEVICE_FAMILY          ; MAX II ; Untyped                ;
; AUTO_CARRY_CHAINS      ; ON     ; AUTO_CARRY             ;
; IGNORE_CARRY_BUFFERS   ; OFF    ; IGNORE_CARRY           ;
; AUTO_CASCADE_CHAINS    ; ON     ; AUTO_CASCADE           ;
; IGNORE_CASCADE_BUFFERS ; OFF    ; IGNORE_CASCADE         ;
+------------------------+--------+------------------------+
Note: In order to hide this table in the UI and the text report file, please set the "Show Parameter Settings in Synthesis Report" option in "Analysis and Synthesis Settings -> More Settings" to "Off".


+----------------------------------------------------------+
; Parameter Settings for User Entity Instance: 74163:inst4 ;
+------------------------+--------+------------------------+
; Parameter Name         ; Value  ; Type                   ;
+------------------------+--------+------------------------+
; DEVICE_FAMILY          ; MAX II ; Untyped                ;
; AUTO_CARRY_CHAINS      ; ON     ; AUTO_CARRY             ;
; IGNORE_CARRY_BUFFERS   ; OFF    ; IGNORE_CARRY           ;
; AUTO_CASCADE_CHAINS    ; ON     ; AUTO_CASCADE           ;
; IGNORE_CASCADE_BUFFERS ; OFF    ; IGNORE_CASCADE         ;
+------------------------+--------+------------------------+
Note: In order to hide this table in the UI and the text report file, please set the "Show Parameter Settings in Synthesis Report" option in "Analysis and Synthesis Settings -> More Settings" to "Off".


+-------------------------------+
; Analysis & Synthesis Messages ;
+-------------------------------+
Info: *******************************************************************
Info: Running Quartus Prime Analysis & Synthesis
    Info: Version 20.1.1 Build 720 11/11/2020 SJ Lite Edition
    Info: Processing started: Fri Sep 01 15:55:21 2023
Info: Command: quartus_map --read_settings_files=on --write_settings_files=off lab1_p1 -c lab1_p1
Warning (18236): Number of processors has not been specified which may cause overloading on shared machines.  Set the global assignment NUM_PARALLEL_PROCESSORS in your QSF to an appropriate value for best performance.
Info (20030): Parallel compilation is enabled and will use 8 of the 8 processors detected
Info (12021): Found 1 design units, including 1 entities, in source file de10_lite_golden_top.v
    Info (12023): Found entity 1: DE10_LITE_Golden_Top File: C:/Users/steve/git repos/school/EEL4712/lab 1/83190817/P1/DE10_LITE_Golden_Top.v Line: 29
Info (12021): Found 1 design units, including 1 entities, in source file counter.bdf
    Info (12023): Found entity 1: counter
Info (12127): Elaborating entity "counter" for the top level hierarchy
Info (12128): Elaborating entity "74163" for hierarchy "74163:inst3"
Info (12130): Elaborated megafunction instantiation "74163:inst3"
Info (12128): Elaborating entity "f74163" for hierarchy "74163:inst3|f74163:sub" File: c:/intelfpga_lite/20.1/quartus/libraries/others/maxplus2/74163.tdf Line: 33
Info (12131): Elaborated megafunction instantiation "74163:inst3|f74163:sub", which is child of megafunction instantiation "74163:inst3" File: c:/intelfpga_lite/20.1/quartus/libraries/others/maxplus2/74163.tdf Line: 33
Info (18008): Converted 1 single input CARRY primitives to CARRY_SUM primitives
Warning (18009): Ignored 10 CARRY_SUM primitives
    Warning (18011): Ignored 9 CARRY_SUM primitive(s) -- cannot place fan-out logic in single logic cell
        Warning (18012): Can't place logic fed by CARRY_SUM primitive "74163:inst3|f74163:sub|74~0" into a single logic cell
            Warning (18042): Node "74163:inst3|f74163:sub|108" of type LUT
            Warning (18042): Node "74163:inst3|f74163:sub|107~0" of type CARRY_SUM
        Warning (18012): Can't place logic fed by CARRY_SUM primitive "74163:inst3|f74163:sub|107~0" into a single logic cell
            Warning (18042): Node "74163:inst3|f74163:sub|119" of type LUT
            Warning (18042): Node "74163:inst3|f74163:sub|118~0" of type CARRY_SUM
        Warning (18012): Can't place logic fed by CARRY_SUM primitive "74163:inst3|f74163:sub|118~0" into a single logic cell
            Warning (18042): Node "74163:inst3|f74163:sub|130" of type LUT
            Warning (18042): Node "74163:inst3|f74163:sub|129~0" of type CARRY_SUM
        Warning (18012): Can't place logic fed by CARRY_SUM primitive "74163:inst4|f74163:sub|74~0" into a single logic cell
            Warning (18042): Node "74163:inst4|f74163:sub|108" of type LUT
            Warning (18042): Node "74163:inst4|f74163:sub|107~0" of type CARRY_SUM
        Warning (18012): Can't place logic fed by CARRY_SUM primitive "74163:inst4|f74163:sub|107~0" into a single logic cell
            Warning (18042): Node "74163:inst4|f74163:sub|119" of type LUT
            Warning (18042): Node "74163:inst4|f74163:sub|118~0" of type CARRY_SUM
        Warning (18012): Can't place logic fed by CARRY_SUM primitive "74163:inst4|f74163:sub|118~0" into a single logic cell
            Warning (18042): Node "74163:inst4|f74163:sub|137~0" of type LUT
            Warning (18042): Node "74163:inst4|f74163:sub|129~0" of type CARRY_SUM
        Warning (18012): Can't place logic fed by CARRY_SUM primitive "74163:inst3|f74163:sub|140~0" into a single logic cell
            Warning (18042): Node "74163:inst3|f74163:sub|105" of type LUT
            Warning (18042): Node "74163:inst3|f74163:sub|73" of type LUT
        Warning (18012): Can't place logic fed by CARRY_SUM primitive "74163:inst4|f74163:sub|140~3" into a single logic cell
            Warning (18042): Node "74163:inst4|f74163:sub|73" of type LUT
            Warning (18042): Node "74163:inst4|f74163:sub|34" of type DFFE
        Warning (18012): Can't place logic fed by CARRY_SUM primitive "74163:inst4|f74163:sub|140~0" into a single logic cell
            Warning (18042): Node "74163:inst4|f74163:sub|140~4" of type LUT
            Warning (18042): Node "74163:inst4|f74163:sub|140~5" of type LUT
    Warning (18015): Ignored 1 CARRY_SUM primitives -- logic cell requires more inputs than it can contain
        Warning (18016): Can't place CARRY primitive "74163:inst3|f74163:sub|129~0" -- logic cell requires more inputs than it can contain
Info (21057): Implemented 52 device resources after synthesis - the final resource count might be different
    Info (21058): Implemented 12 input pins
    Info (21059): Implemented 9 output pins
    Info (21061): Implemented 31 logic cells
Info: Quartus Prime Analysis & Synthesis was successful. 0 errors, 32 warnings
    Info: Peak virtual memory: 4703 megabytes
    Info: Processing ended: Fri Sep 01 15:55:27 2023
    Info: Elapsed time: 00:00:06
    Info: Total CPU time (on all processors): 00:00:04


